0 info it worked if it ends with ok
1 verbose cli [ 'C:\\Program Files\\nodejs\\node.exe',
1 verbose cli   'C:\\Program Files\\nodejs\\node_modules\\npm\\bin\\npm-cli.js',
1 verbose cli   'run',
1 verbose cli   'serve' ]
2 info using npm@3.10.10
3 info using node@v6.10.1
4 verbose run-script [ 'preserve', 'serve', 'postserve' ]
5 info lifecycle Flux@1.0.0~preserve: Flux@1.0.0
6 silly lifecycle Flux@1.0.0~preserve: no script for preserve, continuing
7 info lifecycle Flux@1.0.0~serve: Flux@1.0.0
8 verbose lifecycle Flux@1.0.0~serve: unsafe-perm in lifecycle true
9 verbose lifecycle Flux@1.0.0~serve: PATH: C:\Program Files\nodejs\node_modules\npm\bin\node-gyp-bin;D:\POC\ReactJS\AMEX\cmu\node_modules\.bin;C:\ProgramData\Oracle\Java\javapath;C:\Program Files (x86)\Intel\iCLS Client\;C:\Program Files\Intel\iCLS Client\;C:\Windows\system32;C:\Windows;C:\Windows\System32\Wbem;C:\Windows\System32\WindowsPowerShell\v1.0\;C:\Program Files (x86)\Intel\Intel(R) Management Engine Components\DAL;C:\Program Files\Intel\Intel(R) Management Engine Components\DAL;C:\Program Files (x86)\Intel\Intel(R) Management Engine Components\IPT;C:\Program Files\Intel\Intel(R) Management Engine Components\IPT;C:\Program Files\TortoiseSVN\bin;C:\Program Files (x86)\Brackets\command;C:\Program Files (x86)\Skype\Phone\;C:\Users\impadmin\AppData\Roaming\nvm;C:\Program Files\nodejs;C:\Program Files\nodejs\;C:\Users\shyamsharan.prajapat\AppData\Local\Programs\Git\cmd;C:\Users\shyamsharan.prajapat\AppData\Roaming\npm
10 verbose lifecycle Flux@1.0.0~serve: CWD: D:\POC\ReactJS\AMEX\cmu
11 silly lifecycle Flux@1.0.0~serve: Args: [ '/d /s /c', 'webpack-dev-server --hot' ]
12 silly lifecycle Flux@1.0.0~serve: Returned: code: 1  signal: null
13 info lifecycle Flux@1.0.0~serve: Failed to exec serve script
14 verbose stack Error: Flux@1.0.0 serve: `webpack-dev-server --hot`
14 verbose stack Exit status 1
14 verbose stack     at EventEmitter.<anonymous> (C:\Program Files\nodejs\node_modules\npm\lib\utils\lifecycle.js:255:16)
14 verbose stack     at emitTwo (events.js:106:13)
14 verbose stack     at EventEmitter.emit (events.js:191:7)
14 verbose stack     at ChildProcess.<anonymous> (C:\Program Files\nodejs\node_modules\npm\lib\utils\spawn.js:40:14)
14 verbose stack     at emitTwo (events.js:106:13)
14 verbose stack     at ChildProcess.emit (events.js:191:7)
14 verbose stack     at maybeClose (internal/child_process.js:886:16)
14 verbose stack     at Process.ChildProcess._handle.onexit (internal/child_process.js:226:5)
15 verbose pkgid Flux@1.0.0
16 verbose cwd D:\POC\ReactJS\AMEX\cmu
17 error Windows_NT 10.0.10240
18 error argv "C:\\Program Files\\nodejs\\node.exe" "C:\\Program Files\\nodejs\\node_modules\\npm\\bin\\npm-cli.js" "run" "serve"
19 error node v6.10.1
20 error npm  v3.10.10
21 error code ELIFECYCLE
22 error Flux@1.0.0 serve: `webpack-dev-server --hot`
22 error Exit status 1
23 error Failed at the Flux@1.0.0 serve script 'webpack-dev-server --hot'.
23 error Make sure you have the latest version of node.js and npm installed.
23 error If you do, this is most likely a problem with the Flux package,
23 error not with npm itself.
23 error Tell the author that this fails on your system:
23 error     webpack-dev-server --hot
23 error You can get information on how to open an issue for this project with:
23 error     npm bugs Flux
23 error Or if that isn't available, you can get their info via:
23 error     npm owner ls Flux
23 error There is likely additional logging output above.
24 verbose exit [ 1, true ]
